<?xml version="1.0" encoding="UTF-8" ?>
<?xml-stylesheet type="text/xsl" href="../reference/summary.xslt"?>
<testsuite errors="0" failures="0" hostname="wkouki-mac.roam.internal" name="classes" tests="11" time="115.019" timestamp="2026-04-15T16:28:35">
  <properties>
    <property name="SFR.shortname" value="FcsTlscExtTest" />
    <property name="SFR.name" value="FCS_TLSC_EXT.1" />
    <property name="SFR.description" value="The TSF shall implement [selection: TLS 1.2 (RFC 5246), TLS 1.3 (RFC 8446)] as a client that supports additional functionality for session renegotiation protection and abort attempts by a server to negotiate any TLS or SSL version prior to TLS 1.2." />
    <property name="device" value="Pixel 8" />
    <property name="osversion" value="17" />
    <property name="system" value="" />
    <property name="signature" value="33171FDJH000F7" />
    <property name="summary" value="FCS_TLSC_EXT.1.1: PASS (Verify TLS 1.2 support) | FCS_TLSC_EXT.1.2: PASS (Verify legacy TLS rejection) | FCS_TLSC_EXT.1.3: PASS (Verify weak cipher rejection) | FCS_TLSC_EXT.1.4: PASS (Verify null cipher rejection) | FCS_TLSC_EXT.1.5: PASS (Verify certificate validation) | FCS_TLSC_EXT.1.6: PASS (Verify session resumption support) | FCS_TLSC_EXT.2.1: PASS (Verify mutual authentication) | FCS_TLSC_EXT.4.1: PASS (Verify secure renegotiation) | FCS_TLSC_EXT.5.1: PASS (Verify session resumption offered) | FCS_TLSC_EXT.6.1: PASS (Verify PSK key exchange modes) | FCS_TLSC_EXT.6.2: PASS (Verify no early data)" />
  </properties>
  <testcase classname="org.example.plugin.ftpitc.FcsTlscExtTest" name="testNormalHost" time="10.068" />
  <testcase classname="org.example.plugin.ftpitc.FcsTlscExtTest" name="testTls11Reject" time="9.461" />
  <testcase classname="org.example.plugin.ftpitc.FcsTlscExtTest" name="testInvalidHost" time="9.576" />
  <testcase classname="org.example.plugin.ftpitc.FcsTlscExtTest" name="testRc4Reject" time="9.347" />
  <testcase classname="org.example.plugin.ftpitc.FcsTlscExtTest" name="test3DesReject" time="9.422" />
  <testcase classname="org.example.plugin.ftpitc.FcsTlscExtTest" name="testExpiredHost" time="9.415" />
  <testcase classname="org.example.plugin.ftpitc.FcsTlscExtTest" name="testMutualAuthNoCert" time="9.707" />
  <testcase classname="org.example.plugin.ftpitc.FcsTlscExtTest" name="testNullCipherReject" time="18.581" />
  <testcase classname="org.example.plugin.ftpitc.FcsTlscExtTest" name="testSessionResumption" time="10.311" />
  <testcase classname="org.example.plugin.ftpitc.FcsTlscExtTest" name="testTls10Reject" time="9.202" />
  <testcase classname="org.example.plugin.ftpitc.FcsTlscExtTest" name="testMutualAuthWithCert" time="10.419" />
  <system-out><![CDATA[
==========================================
[Test Start] : testNormalHost(org.example.plugin.ftpitc.FcsTlscExtTest) on 2026-04-15T16:28:36.165001
[PLUGIN] testNormalHost(001):HTTP response should start with 200
[Test Succeeded] : testNormalHost(org.example.plugin.ftpitc.FcsTlscExtTest)
==========================================
[Test Start] : testTls11Reject(org.example.plugin.ftpitc.FcsTlscExtTest) on 2026-04-15T16:28:46.228218
[PLUGIN] testTls11Reject(001):HTTP response should not be 200 (rejected)
[Test Succeeded] : testTls11Reject(org.example.plugin.ftpitc.FcsTlscExtTest)
==========================================
[Test Start] : testInvalidHost(org.example.plugin.ftpitc.FcsTlscExtTest) on 2026-04-15T16:28:55.665060
[PLUGIN] testInvalidHost(001):HTTP response should be 526 or error
[Test Succeeded] : testInvalidHost(org.example.plugin.ftpitc.FcsTlscExtTest)
==========================================
[Test Start] : testRc4Reject(org.example.plugin.ftpitc.FcsTlscExtTest) on 2026-04-15T16:29:05.278780
[PLUGIN] testRc4Reject(001):HTTP response should not be 200 (rejected)
[Test Succeeded] : testRc4Reject(org.example.plugin.ftpitc.FcsTlscExtTest)
==========================================
[Test Start] : test3DesReject(org.example.plugin.ftpitc.FcsTlscExtTest) on 2026-04-15T16:29:14.607259
[PLUGIN] test3DesReject(001):HTTP response should not be 200 (rejected)
[Test Succeeded] : test3DesReject(org.example.plugin.ftpitc.FcsTlscExtTest)
==========================================
[Test Start] : testExpiredHost(org.example.plugin.ftpitc.FcsTlscExtTest) on 2026-04-15T16:29:24.026763
[PLUGIN] testExpiredHost(001):HTTP response should be 525 or error
[Test Succeeded] : testExpiredHost(org.example.plugin.ftpitc.FcsTlscExtTest)
==========================================
[Test Start] : testMutualAuthNoCert(org.example.plugin.ftpitc.FcsTlscExtTest) on 2026-04-15T16:29:33.464014
[PLUGIN] testMutualAuthNoCert(001):HTTP response should start with 200
[Test Succeeded] : testMutualAuthNoCert(org.example.plugin.ftpitc.FcsTlscExtTest)
==========================================
[Test Start] : testNullCipherReject(org.example.plugin.ftpitc.FcsTlscExtTest) on 2026-04-15T16:29:43.159859
[PLUGIN] testNullCipherReject(001):HTTP response should not be 200 (rejected)
[Test Succeeded] : testNullCipherReject(org.example.plugin.ftpitc.FcsTlscExtTest)
==========================================
[Test Start] : testSessionResumption(org.example.plugin.ftpitc.FcsTlscExtTest) on 2026-04-15T16:30:01.716587
[PLUGIN] testSessionResumption(001):HTTP response should start with 200
[Test Succeeded] : testSessionResumption(org.example.plugin.ftpitc.FcsTlscExtTest)
==========================================
[Test Start] : testTls10Reject(org.example.plugin.ftpitc.FcsTlscExtTest) on 2026-04-15T16:30:12.030455
[PLUGIN] testTls10Reject(001):HTTP response should not be 200 (rejected)
[Test Succeeded] : testTls10Reject(org.example.plugin.ftpitc.FcsTlscExtTest)
==========================================
[Test Start] : testMutualAuthWithCert(org.example.plugin.ftpitc.FcsTlscExtTest) on 2026-04-15T16:30:21.246264
[PLUGIN] testMutualAuthWithCert(001):HTTP response should start with 200
[Test Succeeded] : testMutualAuthWithCert(org.example.plugin.ftpitc.FcsTlscExtTest)
==========================================
]]></system-out>
  <system-err><![CDATA[]]></system-err>
</testsuite>
